(---------------------------------------------------------------------)
(                                                                     )
(    Allegro Netrev Import Logic                                      )
(                                                                     )
(    Drawing          : DA_CONVERTOR.brd                              )
(    Software Version : 17.2P019                                      )
(    Date/Time        : Wed Jul 31 15:38:48 2019                      )
(                                                                     )
(---------------------------------------------------------------------)


------ Directives ------------

Ripup etch:                  No
Ripup delete first segment:  No
Ripup retain bondwire:       No
Ripup symbols:               Always
Missing symbol has error:    No
DRC update:                  Yes
Schematic directory:         'C:\USERS\USER\DESKTOP\WORK\CADCAD3\allegro'
Design Directory:            '.'
Old design name:             'C:/USERS/USER/DESKTOP/WORK/CADCAD3/allegro/DA_CONVERTOR.brd'
New design name:             'C:/USERS/USER/DESKTOP/WORK/CADCAD3/allegro/DA_CONVERTOR.brd'

CmdLine: netrev.exe -y 1 -i C:\USERS\USER\DESKTOP\WORK\CADCAD3\allegro C:\USERS\USER\DESKTOP\WORK\CADCAD3\allegro\DA_CONVERTOR.brd C:\USERS\USER\DESKTOP\WORK\CADCAD3\allegro\DA_CONVERTOR.brd

------ Preparing to read pst files ------

Starting to read C:/USERS/USER/DESKTOP/WORK/CADCAD3/allegro/pstchip.dat 
   Finished reading C:/USERS/USER/DESKTOP/WORK/CADCAD3/allegro/pstchip.dat (00:00:00.03)
Starting to read C:/USERS/USER/DESKTOP/WORK/CADCAD3/allegro/pstxprt.dat 
   Finished reading C:/USERS/USER/DESKTOP/WORK/CADCAD3/allegro/pstxprt.dat (00:00:00.00)
Starting to read C:/USERS/USER/DESKTOP/WORK/CADCAD3/allegro/pstxnet.dat 
   Finished reading C:/USERS/USER/DESKTOP/WORK/CADCAD3/allegro/pstxnet.dat (00:00:00.00)

------ Oversights/Warnings/Errors ------


ERROR: File "DA_CONVERTOR.brd" is being edited by user "user" on date "Wed Jul 31 15:38:34 2019" on system "USER-PC". Resolve lock file and re-run netrev.

#1   ERROR(SPMHNI-175): Netrev error detected.

#2   Run stopped because errors were detected

netrev run on Jul 31 15:38:48 2019
   DESIGN NAME : 'DA_CONVERTOR'
   PACKAGING ON Mar  2 2016 00:37:24

   COMPILE 'logic'
   CHECK_PIN_NAMES OFF
   CROSS_REFERENCE OFF
   FEEDBACK OFF
   INCREMENTAL OFF
   INTERFACE_TYPE PHYSICAL
   MAX_ERRORS 500
   MERGE_MINIMUM 5
   NET_NAME_CHARS '#%&()*+-./:=>?@[]^_`|'
   NET_NAME_LENGTH 24
   OVERSIGHTS ON
   REPLACE_CHECK OFF
   SINGLE_NODE_NETS ON
   SPLIT_MINIMUM 0
   SUPPRESS   20
   WARNINGS ON

  2 errors detected
 No oversight detected
 No warning detected

cpu time      0:00:10
elapsed time  0:00:00

